<?xml version="1.0" encoding="UTF-8"?>
<!-- Generated by org.testng.reporters.JUnitReportReporter -->
<testsuite hostname="DESKTOP-TQ5Q620" failures="0" tests="3" name="Protrainingtech.Automation.ts" time="0.017" errors="0" timestamp="2021-08-12T20:52:06 EDT" skipped="0">
  <testcase classname="Protrainingtech.Automation.ts" name="f" time="0.013"/>
  <system-out/>
  <testcase classname="Protrainingtech.Automation.ts" name="f" time="0.003"/>
  <system-out/>
  <testcase classname="Protrainingtech.Automation.ts" name="f" time="0.001"/>
  <system-out/>
</testsuite> <!-- Protrainingtech.Automation.ts -->
