<?xml version="1.0" encoding="UTF-8"?>
<!-- Generated by org.testng.reporters.JUnitReportReporter -->
<testsuite hostname="DESKTOP-TQ5Q620" failures="0" tests="3" name="Protrainingtech.Automation.Protrainingautomation" time="1.552" errors="0" timestamp="2021-08-19T21:18:33 EDT" skipped="0">
  <testcase classname="Protrainingtech.Automation.Protrainingautomation" name="groups" time="0.001"/>
  <system-out/>
  <testcase classname="Protrainingtech.Automation.Protrainingautomation" name="town" time="0.001"/>
  <system-out/>
  <testcase classname="Protrainingtech.Automation.Protrainingautomation" name="f" time="1.550"/>
  <system-out/>
</testsuite> <!-- Protrainingtech.Automation.Protrainingautomation -->
