<?xml version="1.0" encoding="UTF-8"?>
<!-- Generated by org.testng.reporters.JUnitReportReporter -->
<testsuite hostname="DESKTOP-TQ5Q620" failures="0" tests="3" name="Protrainingtech.Automation.Prmetere" time="57.764" errors="0" timestamp="2021-08-12T22:17:31 EDT" skipped="0">
  <testcase classname="Protrainingtech.Automation.Prmetere" name="f" time="19.499"/>
  <system-out/>
  <testcase classname="Protrainingtech.Automation.Prmetere" name="f" time="18.993"/>
  <system-out/>
  <testcase classname="Protrainingtech.Automation.Prmetere" name="f" time="19.272"/>
  <system-out/>
</testsuite> <!-- Protrainingtech.Automation.Prmetere -->
